2021-02-18 11:50:53.870701;1;type: INSERT entity { packet_replication_engine_entry { clone_session_entry { session_id: 99 replicas { egress_port: 255 instance: 1 } } } };
2021-02-18 11:50:53.872983;1;type: INSERT entity { table_entry { table_id: 33557865 match { field_id: 4 ternary { value: "\010\000" mask: "\377\377" } } action { action { action_id: 16782152 } } priority: 10 } };
2021-02-18 11:50:53.968666;1;type: DELETE entity { table_entry { table_id: 33557865 match { field_id: 4 ternary { value: "\010\000" mask: "\377\377" } } action { action { action_id: 16782152 } } priority: 10 } };
2021-02-18 11:50:53.968666;1;type: DELETE entity { packet_replication_engine_entry { clone_session_entry { session_id: 99 replicas { egress_port: 255 instance: 1 } } } };
2021-02-18 11:50:53.972332;1;type: INSERT entity { packet_replication_engine_entry { clone_session_entry { session_id: 99 replicas { egress_port: 255 instance: 1 } } } };
2021-02-18 11:50:53.973499;1;type: INSERT entity { table_entry { table_id: 33557865 match { field_id: 4 ternary { value: "\010\000" mask: "\377\377" } } action { action { action_id: 16782152 } } priority: 10 } };
2021-02-18 11:50:54.014594;1;type: DELETE entity { table_entry { table_id: 33557865 match { field_id: 4 ternary { value: "\010\000" mask: "\377\377" } } action { action { action_id: 16782152 } } priority: 10 } };
2021-02-18 11:50:54.014594;1;type: DELETE entity { packet_replication_engine_entry { clone_session_entry { session_id: 99 replicas { egress_port: 255 instance: 1 } } } };
2021-02-18 11:50:54.019536;1;type: INSERT entity { packet_replication_engine_entry { clone_session_entry { session_id: 99 replicas { egress_port: 255 instance: 1 } } } };
2021-02-18 11:50:54.020901;1;type: INSERT entity { table_entry { table_id: 33557865 match { field_id: 4 ternary { value: "\010\000" mask: "\377\377" } } action { action { action_id: 16782152 } } priority: 10 } };
2021-02-18 11:50:54.096819;1;type: DELETE entity { table_entry { table_id: 33557865 match { field_id: 4 ternary { value: "\010\000" mask: "\377\377" } } action { action { action_id: 16782152 } } priority: 10 } };
2021-02-18 11:50:54.096819;1;type: DELETE entity { packet_replication_engine_entry { clone_session_entry { session_id: 99 replicas { egress_port: 255 instance: 1 } } } };
2021-02-18 11:50:54.100570;1;type: INSERT entity { packet_replication_engine_entry { clone_session_entry { session_id: 99 replicas { egress_port: 255 instance: 1 } } } };
2021-02-18 11:50:54.101817;1;type: INSERT entity { table_entry { table_id: 33557865 match { field_id: 4 ternary { value: "\010\006" mask: "\377\377" } } action { action { action_id: 16782152 } } priority: 10 } };
2021-02-18 11:50:54.139933;1;type: DELETE entity { table_entry { table_id: 33557865 match { field_id: 4 ternary { value: "\010\006" mask: "\377\377" } } action { action { action_id: 16782152 } } priority: 10 } };
2021-02-18 11:50:54.139933;1;type: DELETE entity { packet_replication_engine_entry { clone_session_entry { session_id: 99 replicas { egress_port: 255 instance: 1 } } } };
2021-02-18 11:50:54.144966;1;type: INSERT entity { packet_replication_engine_entry { clone_session_entry { session_id: 99 replicas { egress_port: 255 instance: 1 } } } };
2021-02-18 11:50:54.146206;1;type: INSERT entity { table_entry { table_id: 33557865 match { field_id: 4 ternary { value: "\206\335" mask: "\377\377" } } action { action { action_id: 16782152 } } priority: 10 } };
2021-02-18 11:50:54.186135;1;type: DELETE entity { table_entry { table_id: 33557865 match { field_id: 4 ternary { value: "\206\335" mask: "\377\377" } } action { action { action_id: 16782152 } } priority: 10 } };
2021-02-18 11:50:54.186135;1;type: DELETE entity { packet_replication_engine_entry { clone_session_entry { session_id: 99 replicas { egress_port: 255 instance: 1 } } } };
2021-02-18 11:50:54.189271;1;type: INSERT entity { packet_replication_engine_entry { clone_session_entry { session_id: 99 replicas { egress_port: 255 instance: 1 } } } };
2021-02-18 11:50:54.194125;1;type: INSERT entity { table_entry { table_id: 33557865 match { field_id: 4 ternary { value: "\206\335" mask: "\377\377" } } action { action { action_id: 16782152 } } priority: 10 } };
2021-02-18 11:50:54.257069;1;type: DELETE entity { table_entry { table_id: 33557865 match { field_id: 4 ternary { value: "\206\335" mask: "\377\377" } } action { action { action_id: 16782152 } } priority: 10 } };
2021-02-18 11:50:54.257069;1;type: DELETE entity { packet_replication_engine_entry { clone_session_entry { session_id: 99 replicas { egress_port: 255 instance: 1 } } } };
2021-02-18 11:50:54.262373;1;type: INSERT entity { packet_replication_engine_entry { clone_session_entry { session_id: 99 replicas { egress_port: 255 instance: 1 } } } };
2021-02-18 11:50:54.264003;1;type: INSERT entity { table_entry { table_id: 33557865 match { field_id: 4 ternary { value: "\206\335" mask: "\377\377" } } action { action { action_id: 16782152 } } priority: 10 } };
2021-02-18 11:50:54.304172;1;type: DELETE entity { table_entry { table_id: 33557865 match { field_id: 4 ternary { value: "\206\335" mask: "\377\377" } } action { action { action_id: 16782152 } } priority: 10 } };
2021-02-18 11:50:54.304172;1;type: DELETE entity { packet_replication_engine_entry { clone_session_entry { session_id: 99 replicas { egress_port: 255 instance: 1 } } } };
2021-02-18 11:52:41.825036;1;type: INSERT entity { packet_replication_engine_entry { multicast_group_entry { multicast_group_id: 10 replicas { egress_port: 1 } replicas { egress_port: 2 } replicas { egress_port: 3 } } } };
2021-02-18 11:52:41.827137;1;type: INSERT entity { table_entry { table_id: 33573501 match { field_id: 1 ternary { value: "\377\377\377\377\377\377" mask: "\377\377\377\377\377\377" } } action { action { action_id: 16841371 params { param_id: 1 value: "\000\n" } } } priority: 10 } };
2021-02-18 11:52:41.828653;1;type: INSERT entity { table_entry { table_id: 33573501 match { field_id: 1 ternary { value: "33\000\000\000\000" mask: "\377\377\000\000\000\000" } } action { action { action_id: 16841371 params { param_id: 1 value: "\000\n" } } } priority: 10 } };
2021-02-18 11:52:41.829672;1;type: INSERT entity { packet_replication_engine_entry { clone_session_entry { session_id: 99 replicas { egress_port: 255 instance: 1 } } } };
2021-02-18 11:52:41.830662;1;type: INSERT entity { table_entry { table_id: 33557865 match { field_id: 4 ternary { value: "\010\006" mask: "\377\377" } } action { action { action_id: 16782152 } } priority: 10 } };
2021-02-18 11:52:41.832002;1;type: INSERT entity { table_entry { table_id: 33557865 match { field_id: 5 ternary { value: ":" mask: "\377" } } match { field_id: 4 ternary { value: "\206\335" mask: "\377\377" } } match { field_id: 6 ternary { value: "\207" mask: "\377" } } action { action { action_id: 16782152 } } priority: 10 } };
2021-02-18 11:52:41.986626;1;type: DELETE entity { table_entry { table_id: 33557865 match { field_id: 5 ternary { value: ":" mask: "\377" } } match { field_id: 4 ternary { value: "\206\335" mask: "\377\377" } } match { field_id: 6 ternary { value: "\207" mask: "\377" } } action { action { action_id: 16782152 } } priority: 10 } };
2021-02-18 11:52:41.986626;1;type: DELETE entity { table_entry { table_id: 33557865 match { field_id: 4 ternary { value: "\010\006" mask: "\377\377" } } action { action { action_id: 16782152 } } priority: 10 } };
2021-02-18 11:52:41.986626;1;type: DELETE entity { packet_replication_engine_entry { clone_session_entry { session_id: 99 replicas { egress_port: 255 instance: 1 } } } };
2021-02-18 11:52:41.986626;1;type: DELETE entity { table_entry { table_id: 33573501 match { field_id: 1 ternary { value: "33\000\000\000\000" mask: "\377\377\000\000\000\000" } } action { action { action_id: 16841371 params { param_id: 1 value: "\000\n" } } } priority: 10 } };
2021-02-18 11:52:41.986626;1;type: DELETE entity { table_entry { table_id: 33573501 match { field_id: 1 ternary { value: "\377\377\377\377\377\377" mask: "\377\377\377\377\377\377" } } action { action { action_id: 16841371 params { param_id: 1 value: "\000\n" } } } priority: 10 } };
2021-02-18 11:52:41.986626;1;type: DELETE entity { packet_replication_engine_entry { multicast_group_entry { multicast_group_id: 10 replicas { egress_port: 1 } replicas { egress_port: 2 } replicas { egress_port: 3 } } } };
2021-02-18 11:52:41.991038;1;type: INSERT entity { packet_replication_engine_entry { multicast_group_entry { multicast_group_id: 10 replicas { egress_port: 1 } replicas { egress_port: 2 } replicas { egress_port: 3 } } } };
2021-02-18 11:52:41.992543;1;type: INSERT entity { table_entry { table_id: 33573501 match { field_id: 1 ternary { value: "\377\377\377\377\377\377" mask: "\377\377\377\377\377\377" } } action { action { action_id: 16841371 params { param_id: 1 value: "\000\n" } } } priority: 10 } };
2021-02-18 11:52:41.994036;1;type: INSERT entity { table_entry { table_id: 33573501 match { field_id: 1 ternary { value: "33\000\000\000\000" mask: "\377\377\000\000\000\000" } } action { action { action_id: 16841371 params { param_id: 1 value: "\000\n" } } } priority: 10 } };
2021-02-18 11:52:41.995165;1;type: INSERT entity { packet_replication_engine_entry { clone_session_entry { session_id: 99 replicas { egress_port: 255 instance: 1 } } } };
2021-02-18 11:52:41.996696;1;type: INSERT entity { table_entry { table_id: 33557865 match { field_id: 4 ternary { value: "\010\006" mask: "\377\377" } } action { action { action_id: 16782152 } } priority: 10 } };
2021-02-18 11:52:41.998601;1;type: INSERT entity { table_entry { table_id: 33557865 match { field_id: 5 ternary { value: ":" mask: "\377" } } match { field_id: 4 ternary { value: "\206\335" mask: "\377\377" } } match { field_id: 6 ternary { value: "\207" mask: "\377" } } action { action { action_id: 16782152 } } priority: 10 } };
2021-02-18 11:52:42.162154;1;type: DELETE entity { table_entry { table_id: 33557865 match { field_id: 5 ternary { value: ":" mask: "\377" } } match { field_id: 4 ternary { value: "\206\335" mask: "\377\377" } } match { field_id: 6 ternary { value: "\207" mask: "\377" } } action { action { action_id: 16782152 } } priority: 10 } };
2021-02-18 11:52:42.162154;1;type: DELETE entity { table_entry { table_id: 33557865 match { field_id: 4 ternary { value: "\010\006" mask: "\377\377" } } action { action { action_id: 16782152 } } priority: 10 } };
2021-02-18 11:52:42.162154;1;type: DELETE entity { packet_replication_engine_entry { clone_session_entry { session_id: 99 replicas { egress_port: 255 instance: 1 } } } };
2021-02-18 11:52:42.162154;1;type: DELETE entity { table_entry { table_id: 33573501 match { field_id: 1 ternary { value: "33\000\000\000\000" mask: "\377\377\000\000\000\000" } } action { action { action_id: 16841371 params { param_id: 1 value: "\000\n" } } } priority: 10 } };
2021-02-18 11:52:42.162154;1;type: DELETE entity { table_entry { table_id: 33573501 match { field_id: 1 ternary { value: "\377\377\377\377\377\377" mask: "\377\377\377\377\377\377" } } action { action { action_id: 16841371 params { param_id: 1 value: "\000\n" } } } priority: 10 } };
2021-02-18 11:52:42.162154;1;type: DELETE entity { packet_replication_engine_entry { multicast_group_entry { multicast_group_id: 10 replicas { egress_port: 1 } replicas { egress_port: 2 } replicas { egress_port: 3 } } } };
2021-02-18 11:52:42.198470;1;type: INSERT entity { table_entry { table_id: 33605373 match { field_id: 1 exact { value: "\000\000\000\000\000\002" } } action { action { action_id: 16812802 params { param_id: 1 value: "\000\002" } } } } };
2021-02-18 11:52:42.202107;1;type: INSERT entity { packet_replication_engine_entry { clone_session_entry { session_id: 99 replicas { egress_port: 255 instance: 1 } } } };
2021-02-18 11:52:42.203731;1;type: INSERT entity { table_entry { table_id: 33557865 match { field_id: 4 ternary { value: "\010\006" mask: "\377\377" } } action { action { action_id: 16782152 } } priority: 10 } };
2021-02-18 11:52:42.205777;1;type: INSERT entity { table_entry { table_id: 33557865 match { field_id: 5 ternary { value: ":" mask: "\377" } } match { field_id: 4 ternary { value: "\206\335" mask: "\377\377" } } match { field_id: 6 ternary { value: "\210" mask: "\377" } } action { action { action_id: 16782152 } } priority: 10 } };
2021-02-18 11:52:42.214978;1;type: DELETE entity { table_entry { table_id: 33557865 match { field_id: 5 ternary { value: ":" mask: "\377" } } match { field_id: 4 ternary { value: "\206\335" mask: "\377\377" } } match { field_id: 6 ternary { value: "\210" mask: "\377" } } action { action { action_id: 16782152 } } priority: 10 } };
2021-02-18 11:52:42.214978;1;type: DELETE entity { table_entry { table_id: 33557865 match { field_id: 4 ternary { value: "\010\006" mask: "\377\377" } } action { action { action_id: 16782152 } } priority: 10 } };
2021-02-18 11:52:42.214978;1;type: DELETE entity { packet_replication_engine_entry { clone_session_entry { session_id: 99 replicas { egress_port: 255 instance: 1 } } } };
2021-02-18 11:52:42.214978;1;type: DELETE entity { table_entry { table_id: 33605373 match { field_id: 1 exact { value: "\000\000\000\000\000\002" } } action { action { action_id: 16812802 params { param_id: 1 value: "\000\002" } } } } };
2021-02-18 11:52:42.221188;1;type: INSERT entity { table_entry { table_id: 33605373 match { field_id: 1 exact { value: "33\000\000\000\001" } } action { action { action_id: 16812802 params { param_id: 1 value: "\000\002" } } } } };
2021-02-18 11:52:42.230336;1;type: INSERT entity { packet_replication_engine_entry { clone_session_entry { session_id: 99 replicas { egress_port: 255 instance: 1 } } } };
2021-02-18 11:52:42.233035;1;type: INSERT entity { table_entry { table_id: 33557865 match { field_id: 4 ternary { value: "\010\006" mask: "\377\377" } } action { action { action_id: 16782152 } } priority: 10 } };
2021-02-18 11:52:42.234896;1;type: INSERT entity { table_entry { table_id: 33557865 match { field_id: 5 ternary { value: ":" mask: "\377" } } match { field_id: 4 ternary { value: "\206\335" mask: "\377\377" } } match { field_id: 6 ternary { value: "\210" mask: "\377" } } action { action { action_id: 16782152 } } priority: 10 } };
2021-02-18 11:52:42.268239;1;type: DELETE entity { table_entry { table_id: 33557865 match { field_id: 5 ternary { value: ":" mask: "\377" } } match { field_id: 4 ternary { value: "\206\335" mask: "\377\377" } } match { field_id: 6 ternary { value: "\210" mask: "\377" } } action { action { action_id: 16782152 } } priority: 10 } };
2021-02-18 11:52:42.268239;1;type: DELETE entity { table_entry { table_id: 33557865 match { field_id: 4 ternary { value: "\010\006" mask: "\377\377" } } action { action { action_id: 16782152 } } priority: 10 } };
2021-02-18 11:52:42.268239;1;type: DELETE entity { packet_replication_engine_entry { clone_session_entry { session_id: 99 replicas { egress_port: 255 instance: 1 } } } };
2021-02-18 11:52:42.268239;1;type: DELETE entity { table_entry { table_id: 33605373 match { field_id: 1 exact { value: "33\000\000\000\001" } } action { action { action_id: 16812802 params { param_id: 1 value: "\000\002" } } } } };
2021-02-18 11:52:42.313698;1;type: INSERT entity { table_entry { table_id: 33605373 match { field_id: 1 exact { value: "\000\001\002\003\004\005" } } action { action { action_id: 16812802 params { param_id: 1 value: "\000\002" } } } } };
2021-02-18 11:52:42.315713;1;type: INSERT entity { table_entry { table_id: 33605373 match { field_id: 1 exact { value: "\000\006\007\010\t\n" } } action { action { action_id: 16812802 params { param_id: 1 value: "\000\001" } } } } };
2021-02-18 11:52:42.429361;1;type: DELETE entity { table_entry { table_id: 33605373 match { field_id: 1 exact { value: "\000\006\007\010\t\n" } } action { action { action_id: 16812802 params { param_id: 1 value: "\000\001" } } } } };
2021-02-18 11:52:42.429361;1;type: DELETE entity { table_entry { table_id: 33605373 match { field_id: 1 exact { value: "\000\001\002\003\004\005" } } action { action { action_id: 16812802 params { param_id: 1 value: "\000\002" } } } } };
2021-02-18 11:52:42.433456;1;type: INSERT entity { table_entry { table_id: 33605373 match { field_id: 1 exact { value: "\000\001\002\003\004\005" } } action { action { action_id: 16812802 params { param_id: 1 value: "\000\002" } } } } };
2021-02-18 11:52:42.435514;1;type: INSERT entity { table_entry { table_id: 33605373 match { field_id: 1 exact { value: "\000\006\007\010\t\n" } } action { action { action_id: 16812802 params { param_id: 1 value: "\000\001" } } } } };
2021-02-18 11:52:42.546317;1;type: DELETE entity { table_entry { table_id: 33605373 match { field_id: 1 exact { value: "\000\006\007\010\t\n" } } action { action { action_id: 16812802 params { param_id: 1 value: "\000\001" } } } } };
2021-02-18 11:52:42.546317;1;type: DELETE entity { table_entry { table_id: 33605373 match { field_id: 1 exact { value: "\000\001\002\003\004\005" } } action { action { action_id: 16812802 params { param_id: 1 value: "\000\002" } } } } };
2021-02-18 11:52:42.551145;1;type: INSERT entity { table_entry { table_id: 33605373 match { field_id: 1 exact { value: "\000\001\002\003\004\005" } } action { action { action_id: 16812802 params { param_id: 1 value: "\000\002" } } } } };
2021-02-18 11:52:42.553109;1;type: INSERT entity { table_entry { table_id: 33605373 match { field_id: 1 exact { value: "\000\006\007\010\t\n" } } action { action { action_id: 16812802 params { param_id: 1 value: "\000\001" } } } } };
2021-02-18 11:52:42.667216;1;type: DELETE entity { table_entry { table_id: 33605373 match { field_id: 1 exact { value: "\000\006\007\010\t\n" } } action { action { action_id: 16812802 params { param_id: 1 value: "\000\001" } } } } };
2021-02-18 11:52:42.667216;1;type: DELETE entity { table_entry { table_id: 33605373 match { field_id: 1 exact { value: "\000\001\002\003\004\005" } } action { action { action_id: 16812802 params { param_id: 1 value: "\000\002" } } } } };
2021-02-18 11:52:42.671401;1;type: INSERT entity { table_entry { table_id: 33605373 match { field_id: 1 exact { value: "\000\001\002\003\004\005" } } action { action { action_id: 16812802 params { param_id: 1 value: "\000\002" } } } } };
2021-02-18 11:52:42.673222;1;type: INSERT entity { table_entry { table_id: 33605373 match { field_id: 1 exact { value: "\000\006\007\010\t\n" } } action { action { action_id: 16812802 params { param_id: 1 value: "\000\001" } } } } };
2021-02-18 11:52:42.786694;1;type: DELETE entity { table_entry { table_id: 33605373 match { field_id: 1 exact { value: "\000\006\007\010\t\n" } } action { action { action_id: 16812802 params { param_id: 1 value: "\000\001" } } } } };
2021-02-18 11:52:42.786694;1;type: DELETE entity { table_entry { table_id: 33605373 match { field_id: 1 exact { value: "\000\001\002\003\004\005" } } action { action { action_id: 16812802 params { param_id: 1 value: "\000\002" } } } } };
2021-02-18 11:52:42.790504;1;type: INSERT entity { table_entry { table_id: 33605373 match { field_id: 1 exact { value: "\000\001\002\003\004\005" } } action { action { action_id: 16812802 params { param_id: 1 value: "\000\002" } } } } };
2021-02-18 11:52:42.792876;1;type: INSERT entity { table_entry { table_id: 33605373 match { field_id: 1 exact { value: "\000\006\007\010\t\n" } } action { action { action_id: 16812802 params { param_id: 1 value: "\000\001" } } } } };
2021-02-18 11:52:42.904717;1;type: DELETE entity { table_entry { table_id: 33605373 match { field_id: 1 exact { value: "\000\006\007\010\t\n" } } action { action { action_id: 16812802 params { param_id: 1 value: "\000\001" } } } } };
2021-02-18 11:52:42.904717;1;type: DELETE entity { table_entry { table_id: 33605373 match { field_id: 1 exact { value: "\000\001\002\003\004\005" } } action { action { action_id: 16812802 params { param_id: 1 value: "\000\002" } } } } };
2021-02-18 11:52:42.908847;1;type: INSERT entity { table_entry { table_id: 33605373 match { field_id: 1 exact { value: "\000\001\002\003\004\005" } } action { action { action_id: 16812802 params { param_id: 1 value: "\000\002" } } } } };
2021-02-18 11:52:42.910934;1;type: INSERT entity { table_entry { table_id: 33605373 match { field_id: 1 exact { value: "\000\006\007\010\t\n" } } action { action { action_id: 16812802 params { param_id: 1 value: "\000\001" } } } } };
2021-02-18 11:52:43.020708;1;type: DELETE entity { table_entry { table_id: 33605373 match { field_id: 1 exact { value: "\000\006\007\010\t\n" } } action { action { action_id: 16812802 params { param_id: 1 value: "\000\001" } } } } };
2021-02-18 11:52:43.020708;1;type: DELETE entity { table_entry { table_id: 33605373 match { field_id: 1 exact { value: "\000\001\002\003\004\005" } } action { action { action_id: 16812802 params { param_id: 1 value: "\000\002" } } } } };
